<?xml version="1.0" encoding="UTF-8"?>
<testsuite name="satellite.SatelliteTest" tests="1" skipped="0" failures="0" errors="0" timestamp="2023-06-08T08:12:17" hostname="Nicks-Macbook-Pro.local" time="0.041">
  <properties/>
  <testcase name="testSatellite()" classname="satellite.SatelliteTest" time="0.041"/>
  <system-out><![CDATA[]]></system-out>
  <system-err><![CDATA[]]></system-err>
</testsuite>
