<?xml version="1.0" encoding="UTF-8"?>
<testsuite name="splitter.SplitterTest" tests="1" skipped="0" failures="0" errors="0" timestamp="2023-06-08T08:12:17" hostname="Nicks-Macbook-Pro.local" time="0.114">
  <properties/>
  <testcase name="testSplitter()" classname="splitter.SplitterTest" time="0.114"/>
  <system-out><![CDATA[]]></system-out>
  <system-err><![CDATA[]]></system-err>
</testsuite>
